<?xml version="1.0" encoding="UTF-8"?>
<!-- Generated by org.testng.reporters.JUnitReportReporter -->
<testsuite hostname="LTIN193849" failures="0" tests="19" name="testcase.testcase_zigwheels01" time="29.084" errors="0" timestamp="2024-02-29T11:55:59 IST" skipped="0">
  <testcase classname="testcase.testcase_zigwheels01" name="mainlog" time="0.284"/>
  <testcase classname="testcase.testcase_zigwheels01" name="getupbikes" time="0.255"/>
  <testcase classname="testcase.testcase_zigwheels01" name="Selectupbikes" time="1.520"/>
  <testcase classname="testcase.testcase_zigwheels01" name="gethonda" time="0.917"/>
  <testcase classname="testcase.testcase_zigwheels01" name="sdrop" time="3.086"/>
  <testcase classname="testcase.testcase_zigwheels01" name="selectingreadmore" time="2.681"/>
  <testcase classname="testcase.testcase_zigwheels01" name="printingreqdetails" time="3.917"/>
  <testcase classname="testcase.testcase_zigwheels01" name="navghp" time="1.984"/>
  <testcase classname="testcase.testcase_zigwheels01" name="popm" time="0.223"/>
  <testcase classname="testcase.testcase_zigwheels01" name="selcityaschn" time="4.797"/>
  <testcase classname="testcase.testcase_zigwheels01" name="scroillingucpm" time="0.065"/>
  <testcase classname="testcase.testcase_zigwheels01" name="printpm" time="0.332"/>
  <testcase classname="testcase.testcase_zigwheels01" name="navghp2" time="1.792"/>
  <testcase classname="testcase.testcase_zigwheels01" name="getlogo" time="0.091"/>
  <testcase classname="testcase.testcase_zigwheels01" name="registering" time="1.585"/>
  <testcase classname="testcase.testcase_zigwheels01" name="selectinggoogle" time="0.564"/>
  <testcase classname="testcase.testcase_zigwheels01" name="reg" time="3.846"/>
  <testcase classname="testcase.testcase_zigwheels01" name="clknb" time="1.018"/>
  <testcase classname="testcase.testcase_zigwheels01" name="getemess" time="0.127"/>
</testsuite> <!-- testcase.testcase_zigwheels01 -->
